<?xml version="1.0" encoding="UTF-8"?>
<testsuite name="demo.SpeakerIntegrationSpec" tests="6" skipped="0" failures="0" errors="0" timestamp="2023-09-13T13:25:24" hostname="ocii002.local" time="10.297">
  <properties/>
  <testcase name="test creating a speaker" classname="demo.SpeakerIntegrationSpec" time="9.83"/>
  <testcase name="test updating a speaker" classname="demo.SpeakerIntegrationSpec" time="0.186"/>
  <testcase name="test deleting a speaker" classname="demo.SpeakerIntegrationSpec" time="0.048"/>
  <testcase name="test reading a speaker" classname="demo.SpeakerIntegrationSpec" time="0.034"/>
  <testcase name="test fetch speaker's list" classname="demo.SpeakerIntegrationSpec" time="0.047"/>
  <testcase name="test fetch speaker count" classname="demo.SpeakerIntegrationSpec" time="0.152"/>
  <system-out><![CDATA[18:55:23,729 |-INFO in ch.qos.logback.classic.LoggerContext[default] - Could NOT find resource [logback-test.xml]
18:55:23,729 |-INFO in ch.qos.logback.classic.LoggerContext[default] - Found resource [logback.groovy] at [file:/Users/behl/GitHub/graphql-demo/examples/grails-docs-app/build/resources/integrationTest/logback.groovy]
18:55:23,730 |-WARN in ch.qos.logback.classic.LoggerContext[default] - Resource [logback.groovy] occurs multiple times on the classpath.
18:55:23,730 |-WARN in ch.qos.logback.classic.LoggerContext[default] - Resource [logback.groovy] occurs at [file:/Users/behl/GitHub/graphql-demo/examples/grails-docs-app/build/resources/integrationTest/logback.groovy]
18:55:23,730 |-WARN in ch.qos.logback.classic.LoggerContext[default] - Resource [logback.groovy] occurs at [file:/Users/behl/GitHub/graphql-demo/examples/grails-docs-app/build/resources/main/logback.groovy]
18:55:24,568 |-INFO in ch.qos.logback.classic.gaffer.ConfigurationDelegate@3ca1e918 - registering conversion word clr with class [org.springframework.boot.logging.logback.ColorConverter]
18:55:24,576 |-INFO in ch.qos.logback.classic.gaffer.ConfigurationDelegate@3ca1e918 - registering conversion word wex with class [org.springframework.boot.logging.logback.WhitespaceThrowableProxyConverter]
18:55:24,582 |-INFO in ch.qos.logback.classic.gaffer.ConfigurationDelegate@3ca1e918 - About to instantiate appender of type [ch.qos.logback.core.ConsoleAppender]
18:55:24,583 |-INFO in ch.qos.logback.classic.gaffer.ConfigurationDelegate@3ca1e918 - Naming appender as [STDOUT]
18:55:24,682 |-INFO in ch.qos.logback.classic.gaffer.ConfigurationDelegate@3ca1e918 - Setting level of logger [ROOT] to ERROR
18:55:24,686 |-INFO in ch.qos.logback.classic.gaffer.ConfigurationDelegate@3ca1e918 - Attaching appender named [STDOUT] to Logger[ROOT]

Grails application running at http://localhost:63520 in environment: test
]]></system-out>
  <system-err><![CDATA[]]></system-err>
</testsuite>
